# JRE version: Java(TM) SE Runtime Environment (8.0_25-b18) (build 1.8.0_25-b18)
# Java VM: Java HotSpot(TM) Client VM (25.25-b02 mixed mode windows-x86 )
Heap:
 def new generation   total 11136K, used 5689K [0x04c00000, 0x05810000, 0x0a150000)
  eden space 9920K,  45% used [0x04c00000, 0x0505e720, 0x055b0000)
  from space 1216K, 100% used [0x055b0000, 0x056e0000, 0x056e0000)
  to   space 1216K,   0% used [0x056e0000, 0x056e0000, 0x05810000)
 tenured generation   total 24596K, used 16748K [0x0a150000, 0x0b955000, 0x14c00000)
   the space 24596K,  68% used [0x0a150000, 0x0b1ab350, 0x0b1ab400, 0x0b955000)
 Metaspace       used 15245K, capacity 15560K, committed 15616K, reserved 15744K
GC Heap History (10 events):
Event: 3.870 GC heap before
{Heap before GC invocations=45 (full 1):
 def new generation   total 8384K, used 8206K [0x04c00000, 0x05510000, 0x0a150000)
  eden space 7488K, 100% used [0x04c00000, 0x05350000, 0x05350000)
  from space 896K,  80% used [0x05430000, 0x054e3a58, 0x05510000)
  to   space 896K,   0% used [0x05350000, 0x05350000, 0x05430000)
 tenured generation   total 18524K, used 18417K [0x0a150000, 0x0b367000, 0x14c00000)
   the space 18524K,  99% used [0x0a150000, 0x0b34c780, 0x0b34c800, 0x0b367000)
 Metaspace       used 12607K, capacity 12828K, committed 12928K, reserved 13696K
Event: 3.914 GC heap after
Heap after GC invocations=46 (full 2):
 def new generation   total 11136K, used 0K [0x04c00000, 0x05810000, 0x0a150000)
  eden space 9920K,   0% used [0x04c00000, 0x04c00000, 0x055b0000)
  from space 1216K,   0% used [0x055b0000, 0x055b0000, 0x056e0000)
  to   space 1216K,   0% used [0x056e0000, 0x056e0000, 0x05810000)
 tenured generation   total 24596K, used 14756K [0x0a150000, 0x0b955000, 0x14c00000)
   the space 24596K,  59% used [0x0a150000, 0x0afb90f0, 0x0afb9200, 0x0b955000)
 Metaspace       used 12607K, capacity 12828K, committed 12928K, reserved 13696K
}
Event: 3.974 GC heap before
{Heap before GC invocations=46 (full 2):
 def new generation   total 11136K, used 9920K [0x04c00000, 0x05810000, 0x0a150000)
  eden space 9920K, 100% used [0x04c00000, 0x055b0000, 0x055b0000)
  from space 1216K,   0% used [0x055b0000, 0x055b0000, 0x056e0000)
  to   space 1216K,   0% used [0x056e0000, 0x056e0000, 0x05810000)
 tenured generation   total 24596K, used 14756K [0x0a150000, 0x0b955000, 0x14c00000)
   the space 24596K,  59% used [0x0a150000, 0x0afb90f0, 0x0afb9200, 0x0b955000)
 Metaspace       used 12607K, capacity 12828K, committed 12928K, reserved 13696K
Event: 3.978 GC heap after
Heap after GC invocations=47 (full 2):
 def new generation   total 11136K, used 996K [0x04c00000, 0x05810000, 0x0a150000)
  eden space 9920K,   0% used [0x04c00000, 0x04c00000, 0x055b0000)
  from space 1216K,  81% used [0x056e0000, 0x057d9098, 0x05810000)
  to   space 1216K,   0% used [0x055b0000, 0x055b0000, 0x056e0000)
 tenured generation   total 24596K, used 14756K [0x0a150000, 0x0b955000, 0x14c00000)
   the space 24596K,  59% used [0x0a150000, 0x0afb90f0, 0x0afb9200, 0x0b955000)
 Metaspace       used 12607K, capacity 12828K, committed 12928K, reserved 13696K
}
Event: 4.071 GC heap before
{Heap before GC invocations=47 (full 2):
 def new generation   total 11136K, used 10916K [0x04c00000, 0x05810000, 0x0a150000)
  eden space 9920K, 100% used [0x04c00000, 0x055b0000, 0x055b0000)
  from space 1216K,  81% used [0x056e0000, 0x057d9098, 0x05810000)
  to   space 1216K,   0% used [0x055b0000, 0x055b0000, 0x056e0000)
 tenured generation   total 24596K, used 14756K [0x0a150000, 0x0b955000, 0x14c00000)
   the space 24596K,  59% used [0x0a150000, 0x0afb90f0, 0x0afb9200, 0x0b955000)
 Metaspace       used 12609K, capacity 12833K, committed 12928K, reserved 13696K
Event: 4.074 GC heap after
Heap after GC invocations=48 (full 2):
 def new generation   total 11136K, used 508K [0x04c00000, 0x05810000, 0x0a150000)
  eden space 9920K,   0% used [0x04c00000, 0x04c00000, 0x055b0000)
  from space 1216K,  41% used [0x055b0000, 0x0562f148, 0x056e0000)
  to   space 1216K,   0% used [0x056e0000, 0x056e0000, 0x05810000)
 tenured generation   total 24596K, used 15544K [0x0a150000, 0x0b955000, 0x14c00000)
   the space 24596K,  63% used [0x0a150000, 0x0b07e1d0, 0x0b07e200, 0x0b955000)
 Metaspace       used 12609K, capacity 12833K, committed 12928K, reserved 13696K
}
Event: 4.284 GC heap before
{Heap before GC invocations=48 (full 2):
 def new generation   total 11136K, used 10428K [0x04c00000, 0x05810000, 0x0a150000)
  eden space 9920K, 100% used [0x04c00000, 0x055b0000, 0x055b0000)
  from space 1216K,  41% used [0x055b0000, 0x0562f148, 0x056e0000)
  to   space 1216K,   0% used [0x056e0000, 0x056e0000, 0x05810000)
 tenured generation   total 24596K, used 15544K [0x0a150000, 0x0b955000, 0x14c00000)
   the space 24596K,  63% used [0x0a150000, 0x0b07e1d0, 0x0b07e200, 0x0b955000)
 Metaspace       used 12962K, capacity 13225K, committed 13312K, reserved 13696K
Event: 4.288 GC heap after
Heap after GC invocations=49 (full 2):
 def new generation   total 11136K, used 1216K [0x04c00000, 0x05810000, 0x0a150000)
  eden space 9920K,   0% used [0x04c00000, 0x04c00000, 0x055b0000)
  from space 1216K, 100% used [0x056e0000, 0x05810000, 0x05810000)
  to   space 1216K,   0% used [0x055b0000, 0x055b0000, 0x056e0000)
 tenured generation   total 24596K, used 15864K [0x0a150000, 0x0b955000, 0x14c00000)
   the space 24596K,  64% used [0x0a150000, 0x0b0ce3d0, 0x0b0ce400, 0x0b955000)
 Metaspace       used 12962K, capacity 13225K, committed 13312K, reserved 13696K
}
Event: 4.447 GC heap before
{Heap before GC invocations=49 (full 2):
 def new generation   total 11136K, used 11136K [0x04c00000, 0x05810000, 0x0a150000)
  eden space 9920K, 100% used [0x04c00000, 0x055b0000, 0x055b0000)
  from space 1216K, 100% used [0x056e0000, 0x05810000, 0x05810000)
  to   space 1216K,   0% used [0x055b0000, 0x055b0000, 0x056e0000)
 tenured generation   total 24596K, used 15864K [0x0a150000, 0x0b955000, 0x14c00000)
   the space 24596K,  64% used [0x0a150000, 0x0b0ce3d0, 0x0b0ce400, 0x0b955000)
 Metaspace       used 14862K, capacity 15176K, committed 15232K, reserved 15744K
Event: 4.452 GC heap after
Heap after GC invocations=50 (full 2):
 def new generation   total 11136K, used 1216K [0x04c00000, 0x05810000, 0x0a150000)
  eden space 9920K,   0% used [0x04c00000, 0x04c00000, 0x055b0000)
  from space 1216K, 100% used [0x055b0000, 0x056e0000, 0x056e0000)
  to   space 1216K,   0% used [0x056e0000, 0x056e0000, 0x05810000)
 tenured generation   total 24596K, used 16748K [0x0a150000, 0x0b955000, 0x14c00000)
   the space 24596K,  68% used [0x0a150000, 0x0b1ab350, 0x0b1ab400, 0x0b955000)
 Metaspace       used 14862K, capacity 15176K, committed 15232K, reserved 15744K
}

